This is pdfTeX, Version 3.141592653-2.6-1.40.25 (MiKTeX 23.4) (preloaded format=pdflatex 2023.11.5)  16 MAR 2025 10:02
entering extended mode
 restricted \write18 enabled.
 %&-line parsing enabled.
**./elsarticle-template-num_v2.tex
(elsarticle-template-num_v2.tex
LaTeX2e <2022-11-01> patch level 1
L3 programming layer <2023-03-30>
(C:\Users\mohal\AppData\Local\Programs\MiKTeX\tex/latex/elsarticle\elsarticle.c
ls
Document Class: elsarticle 2024/04/04, 3.4: Elsevier Ltd
(C:\Users\mohal\AppData\Local\Programs\MiKTeX\tex/latex/base\fontenc.sty
Package: fontenc 2021/04/29 v2.0v Standard LaTeX package
)
(C:\Users\mohal\AppData\Local\Programs\MiKTeX\tex/latex/l3kernel\expl3.sty
Package: expl3 2023-03-30 L3 programming layer (loader) 

(C:\Users\mohal\AppData\Local\Programs\MiKTeX\tex/latex/l3backend\l3backend-pdf
tex.def
File: l3backend-pdftex.def 2023-03-30 L3 backend support: PDF output (pdfTeX)
\l__color_backend_stack_int=\count185
\l__pdf_internal_box=\box51
))
(C:\Users\mohal\AppData\Local\Programs\MiKTeX\tex/latex/l3packages/xparse\xpars
e.sty
Package: xparse 2023-02-02 L3 Experimental document command parser
)
(C:\Users\mohal\AppData\Local\Programs\MiKTeX\tex/latex/etoolbox\etoolbox.sty
Package: etoolbox 2020/10/05 v2.5k e-TeX tools for LaTeX (JAW)
\etb@tempcnta=\count186
)
\@bls=\dimen140

(C:\Users\mohal\AppData\Local\Programs\MiKTeX\tex/latex/base\article.cls
Document Class: article 2022/07/02 v1.4n Standard LaTeX document class
(C:\Users\mohal\AppData\Local\Programs\MiKTeX\tex/latex/base\size12.clo
File: size12.clo 2022/07/02 v1.4n Standard LaTeX file (size option)
)
\c@part=\count187
\c@section=\count188
\c@subsection=\count189
\c@subsubsection=\count190
\c@paragraph=\count191
\c@subparagraph=\count192
\c@figure=\count193
\c@table=\count194
\abovecaptionskip=\skip48
\belowcaptionskip=\skip49
\bibindent=\dimen141
)
(C:\Users\mohal\AppData\Local\Programs\MiKTeX\tex/latex/graphics\graphicx.sty
Package: graphicx 2021/09/16 v1.2d Enhanced LaTeX Graphics (DPC,SPQR)

(C:\Users\mohal\AppData\Local\Programs\MiKTeX\tex/latex/graphics\keyval.sty
Package: keyval 2022/05/29 v1.15 key=value parser (DPC)
\KV@toks@=\toks16
)
(C:\Users\mohal\AppData\Local\Programs\MiKTeX\tex/latex/graphics\graphics.sty
Package: graphics 2022/03/10 v1.4e Standard LaTeX Graphics (DPC,SPQR)

(C:\Users\mohal\AppData\Local\Programs\MiKTeX\tex/latex/graphics\trig.sty
Package: trig 2021/08/11 v1.11 sin cos tan (DPC)
)
(C:\Users\mohal\AppData\Local\Programs\MiKTeX\tex/latex/graphics-cfg\graphics.c
fg
File: graphics.cfg 2016/06/04 v1.11 sample graphics configuration
)
Package graphics Info: Driver file: pdftex.def on input line 107.

(C:\Users\mohal\AppData\Local\Programs\MiKTeX\tex/latex/graphics-def\pdftex.def
File: pdftex.def 2022/09/22 v1.2b Graphics/color driver for pdftex
))
\Gin@req@height=\dimen142
\Gin@req@width=\dimen143
)
\c@tnote=\count195
\c@fnote=\count196
\c@cnote=\count197
\c@ead=\count198
\c@author=\count199
\@eadauthor=\toks17
\c@affn=\count266
\absbox=\box52
\elsarticlehighlightsbox=\box53
\elsarticlegrabsbox=\box54
\keybox=\box55
\Columnwidth=\dimen144
\space@left=\dimen145
\els@boxa=\box56
\els@boxb=\box57
\leftMargin=\dimen146
\@enLab=\toks18
\@sep=\skip50
\@@sep=\skip51
 (elsarticle-template-num_v2.spl)
(C:\Users\mohal\AppData\Local\Programs\MiKTeX\tex/latex/natbib\natbib.sty
Package: natbib 2010/09/13 8.31b (PWD, AO)
\bibhang=\skip52
\bibsep=\skip53
LaTeX Info: Redefining \cite on input line 694.
\c@NAT@ctr=\count267
)
\splwrite=\write3
\openout3 = `elsarticle-template-num_v2.spl'.

\appnamewidth=\dimen147
)
(C:\Users\mohal\AppData\Local\Programs\MiKTeX\tex/latex/amsfonts\amssymb.sty
Package: amssymb 2013/01/14 v3.01 AMS font symbols

(C:\Users\mohal\AppData\Local\Programs\MiKTeX\tex/latex/amsfonts\amsfonts.sty
Package: amsfonts 2013/01/14 v3.01 Basic AMSFonts support
\@emptytoks=\toks19
\symAMSa=\mathgroup4
\symAMSb=\mathgroup5
LaTeX Font Info:    Redeclaring math symbol \hbar on input line 98.
LaTeX Font Info:    Overwriting math alphabet `\mathfrak' in version `bold'
(Font)                  U/euf/m/n --> U/euf/b/n on input line 106.
)) (C:\Users\mohal\AppData\Local\Programs\MiKTeX\tex/latex/amsmath\amsmath.sty
Package: amsmath 2022/04/08 v2.17n AMS math features
\@mathmargin=\skip54

For additional information on amsmath, use the `?' option.
(C:\Users\mohal\AppData\Local\Programs\MiKTeX\tex/latex/amsmath\amstext.sty
Package: amstext 2021/08/26 v2.01 AMS text

(C:\Users\mohal\AppData\Local\Programs\MiKTeX\tex/latex/amsmath\amsgen.sty
File: amsgen.sty 1999/11/30 v2.0 generic functions
\@emptytoks=\toks20
\ex@=\dimen148
))
(C:\Users\mohal\AppData\Local\Programs\MiKTeX\tex/latex/amsmath\amsbsy.sty
Package: amsbsy 1999/11/29 v1.2d Bold Symbols
\pmbraise@=\dimen149
)
(C:\Users\mohal\AppData\Local\Programs\MiKTeX\tex/latex/amsmath\amsopn.sty
Package: amsopn 2022/04/08 v2.04 operator names
)
\inf@bad=\count268
LaTeX Info: Redefining \frac on input line 234.
\uproot@=\count269
\leftroot@=\count270
LaTeX Info: Redefining \overline on input line 399.
LaTeX Info: Redefining \colon on input line 410.
\classnum@=\count271
\DOTSCASE@=\count272
LaTeX Info: Redefining \ldots on input line 496.
LaTeX Info: Redefining \dots on input line 499.
LaTeX Info: Redefining \cdots on input line 620.
\Mathstrutbox@=\box58
\strutbox@=\box59
LaTeX Info: Redefining \big on input line 722.
LaTeX Info: Redefining \Big on input line 723.
LaTeX Info: Redefining \bigg on input line 724.
LaTeX Info: Redefining \Bigg on input line 725.
\big@size=\dimen150
LaTeX Font Info:    Redeclaring font encoding OML on input line 743.
LaTeX Font Info:    Redeclaring font encoding OMS on input line 744.
\macc@depth=\count273
LaTeX Info: Redefining \bmod on input line 905.
LaTeX Info: Redefining \pmod on input line 910.
LaTeX Info: Redefining \smash on input line 940.
LaTeX Info: Redefining \relbar on input line 970.
LaTeX Info: Redefining \Relbar on input line 971.
\c@MaxMatrixCols=\count274
\dotsspace@=\muskip16
\c@parentequation=\count275
\dspbrk@lvl=\count276
\tag@help=\toks21
\row@=\count277
\column@=\count278
\maxfields@=\count279
\andhelp@=\toks22
\eqnshift@=\dimen151
\alignsep@=\dimen152
\tagshift@=\dimen153
\tagwidth@=\dimen154
\totwidth@=\dimen155
\lineht@=\dimen156
\@envbody=\toks23
\multlinegap=\skip55
\multlinetaggap=\skip56
\mathdisplay@stack=\toks24
LaTeX Info: Redefining \[ on input line 2953.
LaTeX Info: Redefining \] on input line 2954.
)
(C:\Users\mohal\AppData\Local\Programs\MiKTeX\tex/generic/babel\babel.sty
Package: babel 2023/03/28 3.87 The Babel package
\babel@savecnt=\count280
\U@D=\dimen157
\l@unhyphenated=\language79

(C:\Users\mohal\AppData\Local\Programs\MiKTeX\tex/generic/babel\txtbabel.def)
\bbl@readstream=\read2
\bbl@dirlevel=\count281

*************************************
* Local config file bblopts.cfg used
*
(C:\Users\mohal\AppData\Local\Programs\MiKTeX\tex/latex/arabi\bblopts.cfg
File: bblopts.cfg 2005/09/08 v0.1 add Arabic and Farsi to "declared" options of
 babel
)
(C:\Users\mohal\AppData\Local\Programs\MiKTeX\tex/latex/babel-english\english.l
df
Language: english 2017/06/06 v3.3r English support from the babel system
Package babel Info: Hyphen rules for 'canadian' set to \l@english
(babel)             (\language0). Reported on input line 102.
Package babel Info: Hyphen rules for 'australian' set to \l@ukenglish
(babel)             (\language73). Reported on input line 105.
Package babel Info: Hyphen rules for 'newzealand' set to \l@ukenglish
(babel)             (\language73). Reported on input line 108.
))
(C:\Users\mohal\AppData\Local\Programs\MiKTeX\tex/generic/babel/locale/en\babel
-english.tex
Package babel Info: Importing font and identification data for english
(babel)             from babel-en.ini. Reported on input line 11.
)
(C:\Users\mohal\AppData\Local\Programs\MiKTeX\tex/latex/hyperref\hyperref.sty
Package: hyperref 2023-02-07 v7.00v Hypertext links for LaTeX

(C:\Users\mohal\AppData\Local\Programs\MiKTeX\tex/generic/ltxcmds\ltxcmds.sty
Package: ltxcmds 2020-05-10 v1.25 LaTeX kernel commands for general use (HO)
)
(C:\Users\mohal\AppData\Local\Programs\MiKTeX\tex/generic/iftex\iftex.sty
Package: iftex 2022/02/03 v1.0f TeX engine tests
)
(C:\Users\mohal\AppData\Local\Programs\MiKTeX\tex/generic/pdftexcmds\pdftexcmds
.sty
Package: pdftexcmds 2020-06-27 v0.33 Utility functions of pdfTeX for LuaTeX (HO
)

(C:\Users\mohal\AppData\Local\Programs\MiKTeX\tex/generic/infwarerr\infwarerr.s
ty
Package: infwarerr 2019/12/03 v1.5 Providing info/warning/error messages (HO)
)
Package pdftexcmds Info: \pdf@primitive is available.
Package pdftexcmds Info: \pdf@ifprimitive is available.
Package pdftexcmds Info: \pdfdraftmode found.
)
(C:\Users\mohal\AppData\Local\Programs\MiKTeX\tex/latex/kvsetkeys\kvsetkeys.sty
Package: kvsetkeys 2022-10-05 v1.19 Key value parser (HO)
)
(C:\Users\mohal\AppData\Local\Programs\MiKTeX\tex/generic/kvdefinekeys\kvdefine
keys.sty
Package: kvdefinekeys 2019-12-19 v1.6 Define keys (HO)
)
(C:\Users\mohal\AppData\Local\Programs\MiKTeX\tex/generic/pdfescape\pdfescape.s
ty
Package: pdfescape 2019/12/09 v1.15 Implements pdfTeX's escape features (HO)
) (C:\Users\mohal\AppData\Local\Programs\MiKTeX\tex/latex/hycolor\hycolor.sty
Package: hycolor 2020-01-27 v1.10 Color options for hyperref/bookmark (HO)
)
(C:\Users\mohal\AppData\Local\Programs\MiKTeX\tex/latex/letltxmacro\letltxmacro
.sty
Package: letltxmacro 2019/12/03 v1.6 Let assignment for LaTeX macros (HO)
)
(C:\Users\mohal\AppData\Local\Programs\MiKTeX\tex/latex/auxhook\auxhook.sty
Package: auxhook 2019-12-17 v1.6 Hooks for auxiliary files (HO)
)
(C:\Users\mohal\AppData\Local\Programs\MiKTeX\tex/latex/hyperref\nameref.sty
Package: nameref 2022-05-17 v2.50 Cross-referencing by name of section

(C:\Users\mohal\AppData\Local\Programs\MiKTeX\tex/latex/refcount\refcount.sty
Package: refcount 2019/12/15 v3.6 Data extraction from label references (HO)
)
(C:\Users\mohal\AppData\Local\Programs\MiKTeX\tex/generic/gettitlestring\gettit
lestring.sty
Package: gettitlestring 2019/12/15 v1.6 Cleanup title references (HO)

(C:\Users\mohal\AppData\Local\Programs\MiKTeX\tex/latex/kvoptions\kvoptions.sty
Package: kvoptions 2022-06-15 v3.15 Key value format for package options (HO)
))
\c@section@level=\count282
)
\@linkdim=\dimen158
\Hy@linkcounter=\count283
\Hy@pagecounter=\count284
 (C:\Users\mohal\AppData\Local\Programs\MiKTeX\tex/latex/hyperref\pd1enc.def
File: pd1enc.def 2023-02-07 v7.00v Hyperref: PDFDocEncoding definition (HO)
Now handling font encoding PD1 ...
... no UTF-8 mapping file for font encoding PD1
) (C:\Users\mohal\AppData\Local\Programs\MiKTeX\tex/generic/intcalc\intcalc.sty
Package: intcalc 2019/12/15 v1.3 Expandable calculations with integers (HO)
)
(C:\Users\mohal\AppData\Local\Programs\MiKTeX\tex/generic/etexcmds\etexcmds.sty
Package: etexcmds 2019/12/15 v1.7 Avoid name clashes with e-TeX commands (HO)
)
\Hy@SavedSpaceFactor=\count285
 (C:\Users\mohal\AppData\Local\Programs\MiKTeX\tex/latex/hyperref\puenc.def
File: puenc.def 2023-02-07 v7.00v Hyperref: PDF Unicode definition (HO)
Now handling font encoding PU ...
... no UTF-8 mapping file for font encoding PU
)
Package hyperref Info: Hyper figures OFF on input line 4177.
Package hyperref Info: Link nesting OFF on input line 4182.
Package hyperref Info: Hyper index ON on input line 4185.
Package hyperref Info: Plain pages OFF on input line 4192.
Package hyperref Info: Backreferencing OFF on input line 4197.
Package hyperref Info: Implicit mode ON; LaTeX internals redefined.
Package hyperref Info: Bookmarks ON on input line 4425.
\c@Hy@tempcnt=\count286

(C:\Users\mohal\AppData\Local\Programs\MiKTeX\tex/latex/url\url.sty
\Urlmuskip=\muskip17
Package: url 2013/09/16  ver 3.4  Verb mode for urls, etc.
)
LaTeX Info: Redefining \url on input line 4763.
\XeTeXLinkMargin=\dimen159

(C:\Users\mohal\AppData\Local\Programs\MiKTeX\tex/generic/bitset\bitset.sty
Package: bitset 2019/12/09 v1.3 Handle bit-vector datatype (HO)

(C:\Users\mohal\AppData\Local\Programs\MiKTeX\tex/generic/bigintcalc\bigintcalc
.sty
Package: bigintcalc 2019/12/15 v1.5 Expandable calculations on big integers (HO
)
))
\Fld@menulength=\count287
\Field@Width=\dimen160
\Fld@charsize=\dimen161
Package hyperref Info: Hyper figures OFF on input line 6042.
Package hyperref Info: Link nesting OFF on input line 6047.
Package hyperref Info: Hyper index ON on input line 6050.
Package hyperref Info: backreferencing OFF on input line 6057.
Package hyperref Info: Link coloring OFF on input line 6062.
Package hyperref Info: Link coloring with OCG OFF on input line 6067.
Package hyperref Info: PDF/A mode OFF on input line 6072.

(C:\Users\mohal\AppData\Local\Programs\MiKTeX\tex/latex/base\atbegshi-ltx.sty
Package: atbegshi-ltx 2021/01/10 v1.0c Emulation of the original atbegshi
package with kernel methods
)
\Hy@abspage=\count288
\c@Item=\count289
\c@Hfootnote=\count290
)
Package hyperref Info: Driver (autodetected): hpdftex.
(C:\Users\mohal\AppData\Local\Programs\MiKTeX\tex/latex/hyperref\hpdftex.def
File: hpdftex.def 2023-02-07 v7.00v Hyperref driver for pdfTeX

(C:\Users\mohal\AppData\Local\Programs\MiKTeX\tex/latex/base\atveryend-ltx.sty
Package: atveryend-ltx 2020/08/19 v1.0a Emulation of the original atveryend pac
kage
with kernel methods
)
\Fld@listcount=\count291
\c@bookmark@seq@number=\count292

(C:\Users\mohal\AppData\Local\Programs\MiKTeX\tex/latex/rerunfilecheck\rerunfil
echeck.sty
Package: rerunfilecheck 2022-07-10 v1.10 Rerun checks for auxiliary files (HO)

(C:\Users\mohal\AppData\Local\Programs\MiKTeX\tex/generic/uniquecounter\uniquec
ounter.sty
Package: uniquecounter 2019/12/15 v1.4 Provide unlimited unique counter (HO)
)
Package uniquecounter Info: New unique counter `rerunfilecheck' on input line 2
85.
)
\Hy@SectionHShift=\skip57
)
(C:\Users\mohal\AppData\Local\Programs\MiKTeX\tex/latex/subfigure\subfigure.sty
Package: subfigure 2002/07/30 v2.1.4 subfigure package
\subfigtopskip=\skip58
\subfigcapskip=\skip59
\subfigcaptopadj=\dimen162
\subfigbottomskip=\skip60
\subfigcapmargin=\dimen163
\subfiglabelskip=\skip61
\c@subfigure=\count293
\c@lofdepth=\count294
\c@subtable=\count295
\c@lotdepth=\count296
****************************************
* Local config file subfigure.cfg used *
****************************************

(C:\Users\mohal\AppData\Local\Programs\MiKTeX\tex/latex/subfigure\subfigure.cfg
)
\subfig@top=\skip62
\subfig@bottom=\skip63
)
(C:\Users\mohal\AppData\Local\Programs\MiKTeX\tex/latex/mdwtools\footnote.sty
Package: footnote 1997/01/28 1.13 Save footnotes around boxes
\fn@notes=\box60
\fn@width=\dimen164
)
(elsarticle-template-num_v2.aux

LaTeX Warning: Label `sec6' multiply defined.

)
\openout1 = `elsarticle-template-num_v2.aux'.

LaTeX Font Info:    Checking defaults for OML/cmm/m/it on input line 64.
LaTeX Font Info:    ... okay on input line 64.
LaTeX Font Info:    Checking defaults for OMS/cmsy/m/n on input line 64.
LaTeX Font Info:    ... okay on input line 64.
LaTeX Font Info:    Checking defaults for OT1/cmr/m/n on input line 64.
LaTeX Font Info:    ... okay on input line 64.
LaTeX Font Info:    Checking defaults for T1/cmr/m/n on input line 64.
LaTeX Font Info:    ... okay on input line 64.
LaTeX Font Info:    Checking defaults for TS1/cmr/m/n on input line 64.
LaTeX Font Info:    ... okay on input line 64.
LaTeX Font Info:    Checking defaults for OMX/cmex/m/n on input line 64.
LaTeX Font Info:    ... okay on input line 64.
LaTeX Font Info:    Checking defaults for U/cmr/m/n on input line 64.
LaTeX Font Info:    ... okay on input line 64.
LaTeX Font Info:    Checking defaults for PD1/pdf/m/n on input line 64.
LaTeX Font Info:    ... okay on input line 64.
LaTeX Font Info:    Checking defaults for PU/pdf/m/n on input line 64.
LaTeX Font Info:    ... okay on input line 64.

(C:\Users\mohal\AppData\Local\Programs\MiKTeX\tex/context/base/mkii\supp-pdf.mk
ii
[Loading MPS to PDF converter (version 2006.09.02).]
\scratchcounter=\count297
\scratchdimen=\dimen165
\scratchbox=\box61
\nofMPsegments=\count298
\nofMParguments=\count299
\everyMPshowfont=\toks25
\MPscratchCnt=\count300
\MPscratchDim=\dimen166
\MPnumerator=\count301
\makeMPintoPDFobject=\count302
\everyMPtoPDFconversion=\toks26
)
(C:\Users\mohal\AppData\Local\Programs\MiKTeX\tex/latex/epstopdf-pkg\epstopdf-b
ase.sty
Package: epstopdf-base 2020-01-24 v2.11 Base part for package epstopdf
Package epstopdf-base Info: Redefining graphics rule for `.eps' on input line 4
85.

(C:\Users\mohal\AppData\Local\Programs\MiKTeX\tex/latex/00miktex\epstopdf-sys.c
fg
File: epstopdf-sys.cfg 2021/03/18 v2.0 Configuration of epstopdf for MiKTeX
))
Package hyperref Info: Link coloring OFF on input line 64.
 (elsarticle-template-num_v2.out) (elsarticle-template-num_v2.out)
\@outlinefile=\write4
\openout4 = `elsarticle-template-num_v2.out'.

LaTeX Font Info:    Trying to load font information for U+msa on input line 164
.

(C:\Users\mohal\AppData\Local\Programs\MiKTeX\tex/latex/amsfonts\umsa.fd
File: umsa.fd 2013/01/14 v3.01 AMS symbols A
)
LaTeX Font Info:    Trying to load font information for U+msb on input line 164
.

(C:\Users\mohal\AppData\Local\Programs\MiKTeX\tex/latex/amsfonts\umsb.fd
File: umsb.fd 2013/01/14 v3.01 AMS symbols B
)
LaTeX Font Info:    Trying to load font information for T1+cmtt on input line 1
64.

(C:\Users\mohal\AppData\Local\Programs\MiKTeX\tex/latex/base\t1cmtt.fd
File: t1cmtt.fd 2022/07/10 v2.5l Standard LaTeX font definitions
)

Package hyperref Warning: Token not allowed in a PDF string (Unicode):
(hyperref)                removing `\<def>-command' on input line 164.


Package hyperref Warning: Token not allowed in a PDF string (Unicode):
(hyperref)                removing `\cnotenum' on input line 164.


Package hyperref Warning: Token not allowed in a PDF string (Unicode):
(hyperref)                removing `\<def>-command' on input line 164.


Package hyperref Warning: Token not allowed in a PDF string (Unicode):
(hyperref)                removing `\@corref' on input line 164.

[1


{C:/Users/mohal/AppData/Local/MiKTeX/fonts/map/pdftex/pdftex.map}] [2]
[3]
Underfull \hbox (badness 10000) in paragraph at lines 197--197
\T1/cmr/m/n/12 (su-per-vised, un-su-per-vised and
 []


Underfull \hbox (badness 2326) in paragraph at lines 197--197
\T1/cmr/m/n/12 re-in-force-ment learn-ings), learn-ing
 []


Overfull \hbox (44.33855pt too wide) in paragraph at lines 191--209
[][]
 []

[4] [5] [6]
<fig_layers_neuron.png, id=240, 284.56313pt x 341.275pt>
File: fig_layers_neuron.png Graphic file (type png)
<use fig_layers_neuron.png>
Package pdftex.def Info: fig_layers_neuron.png  used on input line 238.
(pdftex.def)             Requested size: 142.2812pt x 170.63707pt.
 [7 <./fig_layers_neuron.png>]
<fig_layers_convolution.png, id=256, 602.25pt x 441.65pt>
File: fig_layers_convolution.png Graphic file (type png)
<use fig_layers_convolution.png>
Package pdftex.def Info: fig_layers_convolution.png  used on input line 257.
(pdftex.def)             Requested size: 240.89572pt x 176.65686pt.
 [8 <./fig_layers_convolution.png>]
<fig_layers_pooling.png, id=269, 562.1pt x 401.5pt>
File: fig_layers_pooling.png Graphic file (type png)
<use fig_layers_pooling.png>
Package pdftex.def Info: fig_layers_pooling.png  used on input line 272.
(pdftex.def)             Requested size: 224.83601pt x 160.59715pt.

[9 <./fig_layers_pooling.png>] [10] [11]
<fig_activation_functions_sigmoid.png, id=311, 631.35875pt x 516.93124pt>
File: fig_activation_functions_sigmoid.png Graphic file (type png)
<use fig_activation_functions_sigmoid.png>
Package pdftex.def Info: fig_activation_functions_sigmoid.png  used on input li
ne 299.
(pdftex.def)             Requested size: 157.8393pt x 129.23248pt.
<fig_activation_functions_tanh.png, id=312, 645.41125pt x 516.93124pt>
File: fig_activation_functions_tanh.png Graphic file (type png)
<use fig_activation_functions_tanh.png>
Package pdftex.def Info: fig_activation_functions_tanh.png  used on input line 
306.
(pdftex.def)             Requested size: 161.35242pt x 129.23248pt.
<fig_activation_functions_relu.png, id=313, 616.3025pt x 516.93124pt>
File: fig_activation_functions_relu.png Graphic file (type png)
<use fig_activation_functions_relu.png>
Package pdftex.def Info: fig_activation_functions_relu.png  used on input line 
313.
(pdftex.def)             Requested size: 154.07524pt x 129.23248pt.
 [12] [13 <./fig_activation_functions_sigmoid.png> <./fig_activation_functions_
tanh.png> <./fig_activation_functions_relu.png>] [14] [15]
<fig_deep_sv_learning_mlp.png, id=381, 331.2375pt x 301.125pt>
File: fig_deep_sv_learning_mlp.png Graphic file (type png)
<use fig_deep_sv_learning_mlp.png>
Package pdftex.def Info: fig_deep_sv_learning_mlp.png  used on input line 351.
(pdftex.def)             Requested size: 198.74402pt x 180.67638pt.


LaTeX Warning: `!h' float specifier changed to `!ht'.

[16]
<fig_deep_sv_learning_rnn.png, id=395, 235.88126pt x 321.2pt>
File: fig_deep_sv_learning_rnn.png Graphic file (type png)
<use fig_deep_sv_learning_rnn.png>
Package pdftex.def Info: fig_deep_sv_learning_rnn.png  used on input line 362.
(pdftex.def)             Requested size: 141.52983pt x 192.72148pt.


LaTeX Warning: `!h' float specifier changed to `!ht'.

[17 <./fig_deep_sv_learning_mlp.png>]
<fig_deep_sv_learning_lstm.png, id=408, 471.7625pt x 447.6725pt>
File: fig_deep_sv_learning_lstm.png Graphic file (type png)
<use fig_deep_sv_learning_lstm.png>
Package pdftex.def Info: fig_deep_sv_learning_lstm.png  used on input line 371.

(pdftex.def)             Requested size: 235.88066pt x 223.8357pt.


LaTeX Warning: `!h' float specifier changed to `!ht'.

<fig_deep_sv_learning_gru.png, id=410, 514.92375pt x 453.695pt>
File: fig_deep_sv_learning_gru.png Graphic file (type png)
<use fig_deep_sv_learning_gru.png>
Package pdftex.def Info: fig_deep_sv_learning_gru.png  used on input line 380.
(pdftex.def)             Requested size: 257.46124pt x 226.84694pt.

LaTeX Warning: `!h' float specifier changed to `!ht'.

[18 <./fig_deep_sv_learning_rnn.png>]

LaTeX Warning: Text page 19 contains only floats.

[19 <./fig_deep_sv_learning_lstm.png> <./fig_deep_sv_learning_gru.png>]
<fig_deep_sv_learning_cnn.png, id=426, 501.875pt x 114.92938pt>
File: fig_deep_sv_learning_cnn.png Graphic file (type png)
<use fig_deep_sv_learning_cnn.png>
Package pdftex.def Info: fig_deep_sv_learning_cnn.png  used on input line 390.
(pdftex.def)             Requested size: 376.40532pt x 86.19681pt.

[20 <./fig_deep_sv_learning_cnn.png>] [21]
<fig_deep_sv_learning_cnn_inception.png, id=448, 562.1pt x 302.12875pt>
File: fig_deep_sv_learning_cnn_inception.png Graphic file (type png)
<use fig_deep_sv_learning_cnn_inception.png>
Package pdftex.def Info: fig_deep_sv_learning_cnn_inception.png  used on input 
line 407.
(pdftex.def)             Requested size: 337.2626pt x 181.27864pt.
 [22 <./fig_deep_sv_learning_cnn_inception.png>]
<fig_deep_sv_learning_cnn_resnet.png, id=459, 160.6pt x 341.275pt>
File: fig_deep_sv_learning_cnn_resnet.png Graphic file (type png)
<use fig_deep_sv_learning_cnn_resnet.png>
Package pdftex.def Info: fig_deep_sv_learning_cnn_resnet.png  used on input lin
e 418.
(pdftex.def)             Requested size: 80.29979pt x 170.63707pt.
 [23 <./fig_deep_sv_learning_cnn_resnet.png>]
<fig_deep_sv_learning_cnn_densenet.png, id=471, 844.15375pt x 250.9375pt>
File: fig_deep_sv_learning_cnn_densenet.png Graphic file (type png)
<use fig_deep_sv_learning_cnn_densenet.png>
Package pdftex.def Info: fig_deep_sv_learning_cnn_densenet.png  used on input l
ine 427.
(pdftex.def)             Requested size: 379.86568pt x 112.92082pt.
 [24 <./fig_deep_sv_learning_cnn_densenet.png>]
<fig_deep_sv_learning_cnn_resnext.png, id=484, 814.04124pt x 291.0875pt>
File: fig_deep_sv_learning_cnn_resnext.png Graphic file (type png)
<use fig_deep_sv_learning_cnn_resnext.png>
Package pdftex.def Info: fig_deep_sv_learning_cnn_resnext.png  used on input li
ne 438.
(pdftex.def)             Requested size: 366.31517pt x 130.98816pt.
 [25 <./fig_deep_sv_learning_cnn_resnext.png>]
<fig_cnn_top_five_errors_imagenet.png, id=500, 435.372pt x 364.416pt>
File: fig_cnn_top_five_errors_imagenet.png Graphic file (type png)
<use fig_cnn_top_five_errors_imagenet.png>
Package pdftex.def Info: fig_cnn_top_five_errors_imagenet.png  used on input li
ne 449.
(pdftex.def)             Requested size: 348.29807pt x 291.5332pt.


LaTeX Warning: `!h' float specifier changed to `!ht'.

<fig_cnn_top_one_errors_cifar10.png, id=501, 441.285pt x 283.605pt>
File: fig_cnn_top_one_errors_cifar10.png Graphic file (type png)
<use fig_cnn_top_one_errors_cifar10.png>
Package pdftex.def Info: fig_cnn_top_one_errors_cifar10.png  used on input line
 456.
(pdftex.def)             Requested size: 353.02847pt x 226.8843pt.

LaTeX Warning: `!h' float specifier changed to `!ht'.

[26] [27 <./fig_cnn_top_five_errors_imagenet.png>] [28 <./fig_cnn_top_one_error
s_cifar10.png>]
<fig_deep_unsv_learning_rbm.png, id=538, 170.6375pt x 301.125pt>
File: fig_deep_unsv_learning_rbm.png Graphic file (type png)
<use fig_deep_unsv_learning_rbm.png>
Package pdftex.def Info: fig_deep_unsv_learning_rbm.png  used on input line 477
.
(pdftex.def)             Requested size: 102.38327pt x 180.67638pt.


LaTeX Warning: `!h' float specifier changed to `!ht'.

<fig_deep_unsv_learning_dbn.png, id=542, 341.275pt x 381.425pt>
File: fig_deep_unsv_learning_dbn.png Graphic file (type png)
<use fig_deep_unsv_learning_dbn.png>
Package pdftex.def Info: fig_deep_unsv_learning_dbn.png  used on input line 486
.
(pdftex.def)             Requested size: 204.76657pt x 228.85675pt.

LaTeX Warning: `!h' float specifier changed to `!ht'.

[29] [30 <./fig_deep_unsv_learning_rbm.png> <./fig_deep_unsv_learning_dbn.png>]
<fig_deep_unsv_learning_ae.png, id=563, 250.9375pt x 331.2375pt>
File: fig_deep_unsv_learning_ae.png Graphic file (type png)
<use fig_deep_unsv_learning_ae.png>
Package pdftex.def Info: fig_deep_unsv_learning_ae.png  used on input line 495.

(pdftex.def)             Requested size: 150.56364pt x 198.74402pt.
[31 <./fig_deep_unsv_learning_ae.png>]
<fig_deep_unsv_learning_gan.png, id=587, 622.325pt x 482.80376pt>
File: fig_deep_unsv_learning_gan.png Graphic file (type png)
<use fig_deep_unsv_learning_gan.png>
Package pdftex.def Info: fig_deep_unsv_learning_gan.png  used on input line 506
.
(pdftex.def)             Requested size: 373.39787pt x 289.6845pt.
 [32 <./fig_deep_unsv_learning_gan.png>]
[33] [34] [35]
<fig_img_clf_MaxViT.png, id=659, 372.39125pt x 172.14313pt>
File: fig_img_clf_MaxViT.png Graphic file (type png)
<use fig_img_clf_MaxViT.png>
Package pdftex.def Info: fig_img_clf_MaxViT.png  used on input line 530.
(pdftex.def)             Requested size: 260.67209pt x 120.49934pt.

Underfull \hbox (badness 10000) in paragraph at lines 543--543
[]\T1/cmr/m/n/8 [[]],
 []


Underfull \hbox (badness 1859) in paragraph at lines 543--543
\T1/cmr/m/n/8 re-wards well-classified ex-am-ples with ad-di-tive
 []


Underfull \hbox (badness 1496) in paragraph at lines 543--543
\T1/cmr/m/n/8 bonuses to en-hance their con-tri-bu-tion dur-ing
 []


Underfull \hbox (badness 10000) in paragraph at lines 545--545
[]\T1/cmr/m/n/8 [[]],
 []


Underfull \hbox (badness 10000) in paragraph at lines 547--547
[]\T1/cmr/m/n/8 [[]],
 []


Underfull \hbox (badness 10000) in paragraph at lines 549--549
[]\T1/cmr/m/n/8 [[]],
 []


Underfull \hbox (badness 10000) in paragraph at lines 551--551
[]\T1/cmr/m/n/8 [[]],
 []


Underfull \hbox (badness 10000) in paragraph at lines 553--553
[]\T1/cmr/m/n/8 [[]],
 []


Overfull \hbox (44.33855pt too wide) in paragraph at lines 539--557
[][]
 []

[36 <./fig_img_clf_MaxViT.png>] [37]

LaTeX Warning: Command \texttimes invalid in math mode on input line 563.


LaTeX Warning: Command \texttimes invalid in math mode on input line 563.

Missing character: There is no Ö in font cmr12!
[38] [39] [40]
<fig_obj_det_Dynamic-DETR.png, id=735, 495.8525pt x 217.81375pt>
File: fig_obj_det_Dynamic-DETR.png Graphic file (type png)
<use fig_obj_det_Dynamic-DETR.png>
Package pdftex.def Info: fig_obj_det_Dynamic-DETR.png  used on input line 577.
(pdftex.def)             Requested size: 347.09438pt x 152.46857pt.

Underfull \hbox (badness 10000) in paragraph at lines 590--590
[]\T1/cmr/m/n/8 [[]],
 []


Underfull \hbox (badness 3088) in paragraph at lines 590--590
\T1/cmr/m/n/8 that dy-nam-i-cally ad-justs sup-pres-sion cri-te-ria
 []


Underfull \hbox (badness 10000) in paragraph at lines 592--592
[]\T1/cmr/m/n/8 [[]],
 []


Underfull \hbox (badness 10000) in paragraph at lines 594--594
[]\T1/cmr/m/n/8 [[]],
 []


Underfull \hbox (badness 10000) in paragraph at lines 596--596
[]\T1/cmr/m/n/8 [[]],
 []


Underfull \hbox (badness 10000) in paragraph at lines 598--598
[]\T1/cmr/m/n/8 [[]],
 []


Underfull \hbox (badness 10000) in paragraph at lines 600--600
[]\T1/cmr/m/n/8 [[]],
 []


Overfull \hbox (44.33855pt too wide) in paragraph at lines 586--604
[][]
 []

[41 <./fig_obj_det_Dynamic-DETR.png>] [42] [43]
<fig_img_seg_GC-ViT.png, id=781, 546.04pt x 98.86937pt>
File: fig_img_seg_GC-ViT.png Graphic file (type png)
<use fig_img_seg_GC-ViT.png>
Package pdftex.def Info: fig_img_seg_GC-ViT.png  used on input line 618.
(pdftex.def)             Requested size: 382.22539pt x 69.20808pt.


LaTeX Warning: `!h' float specifier changed to `!ht'.


Underfull \hbox (badness 10000) in paragraph at lines 631--631
[]\T1/cmr/m/n/8 [[]],
 []


Underfull \hbox (badness 10000) in paragraph at lines 633--633
[]\T1/cmr/m/n/8 [[]],
 []


Underfull \hbox (badness 10000) in paragraph at lines 635--635
[]\T1/cmr/m/n/8 [[]],
 []


Underfull \hbox (badness 10000) in paragraph at lines 637--637
[]\T1/cmr/m/n/8 [[]],
 []


Underfull \hbox (badness 2088) in paragraph at lines 637--637
\T1/cmr/m/n/8 former ar-chi-tec-ture that em-ployes al-ter-nat-ing
 []


Underfull \hbox (badness 10000) in paragraph at lines 639--639
[]\T1/cmr/m/n/8 [[]],
 []


Overfull \hbox (44.33855pt too wide) in paragraph at lines 627--643
[][]
 []

[44] [45] [46 <./fig_img_seg_GC-ViT.png>]
<fig_image_gen_AttnGAN.png, id=821, 634.87187pt x 260.47313pt>
File: fig_image_gen_AttnGAN.png Graphic file (type png)
<use fig_image_gen_AttnGAN.png>
Package pdftex.def Info: fig_image_gen_AttnGAN.png  used on input line 655.
(pdftex.def)             Requested size: 317.43515pt x 130.23624pt.


LaTeX Warning: `!h' float specifier changed to `!ht'.

[47]
<fig_image_gen_DMF-GAN.png, id=840, 689.07437pt x 218.8175pt>
File: fig_image_gen_DMF-GAN.png Graphic file (type png)
<use fig_image_gen_DMF-GAN.png>
Package pdftex.def Info: fig_image_gen_DMF-GAN.png  used on input line 664.
(pdftex.def)             Requested size: 344.53633pt x 109.40848pt.


LaTeX Warning: `!h' float specifier changed to `!ht'.


Underfull \hbox (badness 10000) in paragraph at lines 677--677
[]\T1/cmr/m/n/8 [[]],
 []


Underfull \hbox (badness 10000) in paragraph at lines 679--679
[]\T1/cmr/m/n/8 [[]],
 []


Underfull \hbox (badness 10000) in paragraph at lines 681--681
[]\T1/cmr/m/n/8 [[]],
 []


Overfull \hbox (44.33855pt too wide) in paragraph at lines 673--685
[][]
 []

[48 <./fig_image_gen_AttnGAN.png>] [49 <./fig_image_gen_DMF-GAN.png>] [50]
[51]
<fig_text_clf_BERT-MSL.png, id=904, 445.665pt x 340.77313pt>
File: fig_text_clf_BERT-MSL.png Graphic file (type png)
<use fig_text_clf_BERT-MSL.png>
Package pdftex.def Info: fig_text_clf_BERT-MSL.png  used on input line 702.
(pdftex.def)             Requested size: 311.96336pt x 238.53955pt.


LaTeX Warning: `!h' float specifier changed to `!ht'.


Underfull \hbox (badness 10000) in paragraph at lines 715--715
[]\T1/cmr/m/n/8 [[]],
 []


Underfull \hbox (badness 10000) in paragraph at lines 717--717
[]\T1/cmr/m/n/8 [[]],
 []


Underfull \hbox (badness 10000) in paragraph at lines 719--719
[]\T1/cmr/m/n/8 [[]],
 []


Underfull \hbox (badness 10000) in paragraph at lines 721--721
[]\T1/cmr/m/n/8 [[]],
 []


Underfull \hbox (badness 10000) in paragraph at lines 723--723
[]\T1/cmr/m/n/8 [[]],
 []


Underfull \hbox (badness 5446) in paragraph at lines 723--724
\T1/cmr/m/n/8 Accuracy: 82.24%, Macro-average F1-score:
 []


Underfull \hbox (badness 5446) in paragraph at lines 723--724
\T1/cmr/m/n/8 Accuracy: 88.53%, Macro-average F1-score:
 []


Underfull \hbox (badness 5446) in paragraph at lines 723--724
\T1/cmr/m/n/8 Accuracy: 93.09%, Macro-average F1-score:
 []


Underfull \hbox (badness 5446) in paragraph at lines 723--724
\T1/cmr/m/n/8 Accuracy: 74.89%, Macro-average F1-score:
 []


Overfull \hbox (44.33855pt too wide) in paragraph at lines 711--727
[][]
 []

[52] [53]
<fig_nmt_encoder-decoder.png, id=928, 783.92876pt x 211.79124pt>
File: fig_nmt_encoder-decoder.png Graphic file (type png)
<use fig_nmt_encoder-decoder.png>
Package pdftex.def Info: fig_nmt_encoder-decoder.png  used on input line 736.
(pdftex.def)             Requested size: 352.76468pt x 95.30518pt.
 [54 <./fig_text_clf_BERT-MSL.png> <./fig_nmt_encoder-decoder.png>]
<fig_nmt_GNMT.png, id=946, 601.24625pt x 315.67938pt>
File: fig_nmt_GNMT.png Graphic file (type png)
<use fig_nmt_GNMT.png>
Package pdftex.def Info: fig_nmt_GNMT.png  used on input line 745.
(pdftex.def)             Requested size: 360.75052pt x 189.40909pt.


LaTeX Warning: `!h' float specifier changed to `!ht'.

[55] [56 <./fig_nmt_GNMT.png>]
Underfull \hbox (badness 10000) in paragraph at lines 762--762
[]\T1/cmr/m/n/8 [[]],
 []


Underfull \hbox (badness 10000) in paragraph at lines 764--764
[]\T1/cmr/m/n/8 [[]],
 []


Underfull \hbox (badness 10000) in paragraph at lines 766--766
[]\T1/cmr/m/n/8 [[]],
 []


Underfull \hbox (badness 10000) in paragraph at lines 768--768
[]\T1/cmr/m/n/8 [[]],
 []


Underfull \hbox (badness 10000) in paragraph at lines 770--770
[]\T1/cmr/m/n/8 [[]],
 []


Underfull \hbox (badness 10000) in paragraph at lines 772--772
[]\T1/cmr/m/n/8 [[]],
 []


Overfull \hbox (44.33855pt too wide) in paragraph at lines 758--776
[][]
 []

[57] [58] [59]
Underfull \hbox (badness 10000) in paragraph at lines 796--796
[]\T1/cmr/m/n/8 [[]],
 []


Underfull \hbox (badness 10000) in paragraph at lines 798--798
[]\T1/cmr/m/n/8 [[]],
 []


Underfull \hbox (badness 10000) in paragraph at lines 800--800
[]\T1/cmr/m/n/8 [[]],
 []


Underfull \hbox (badness 10000) in paragraph at lines 802--802
[]\T1/cmr/m/n/8 [[]],
 []


Underfull \hbox (badness 10000) in paragraph at lines 804--804
[]\T1/cmr/m/n/8 [[]],
 []


Overfull \hbox (44.33855pt too wide) in paragraph at lines 792--808
[][]
 []

[60] [61] [62] [63] [64] [65]
<fig_har_multi-head_cnn.png, id=1118, 571.63562pt x 376.90813pt>
File: fig_har_multi-head_cnn.png Graphic file (type png)
<use fig_har_multi-head_cnn.png>
Package pdftex.def Info: fig_har_multi-head_cnn.png  used on input line 835.
(pdftex.def)             Requested size: 285.81711pt x 188.4536pt.
 [66 <./fig_har_multi-head_cnn.png>] [67]
Underfull \hbox (badness 10000) in paragraph at lines 854--854
[]\T1/cmr/m/n/8 [[]],
 []


Underfull \hbox (badness 10000) in paragraph at lines 856--856
[]\T1/cmr/m/n/8 [[]],
 []


Underfull \hbox (badness 10000) in paragraph at lines 858--858
[]\T1/cmr/m/n/8 [[]],
 []


Underfull \hbox (badness 10000) in paragraph at lines 860--860
[]\T1/cmr/m/n/8 [[]],
 []


Underfull \hbox (badness 10000) in paragraph at lines 862--862
[]\T1/cmr/m/n/8 [[]],
 []


Underfull \hbox (badness 10000) in paragraph at lines 864--864
[]\T1/cmr/m/n/8 [[]],
 []


Underfull \hbox (badness 10000) in paragraph at lines 866--866
[]\T1/cmr/m/n/8 [[]],
 []


Overfull \hbox (44.33855pt too wide) in paragraph at lines 850--870
[][]
 []

[68] [69] [70]
<fig_speech_seq2seq.png, id=1205, 423.5825pt x 283.0575pt>
File: fig_speech_seq2seq.png Graphic file (type png)
<use fig_speech_seq2seq.png>
Package pdftex.def Info: fig_speech_seq2seq.png  used on input line 886.
(pdftex.def)             Requested size: 254.15146pt x 169.8358pt.
 [71 <./fig_speech_seq2seq.png>] [72]
Underfull \hbox (badness 10000) in paragraph at lines 907--907
[]\T1/cmr/m/n/8 [[]],
 []


Underfull \hbox (badness 10000) in paragraph at lines 909--909
[]\T1/cmr/m/n/8 [[]],
 []


Underfull \hbox (badness 10000) in paragraph at lines 909--909
[]\T1/cmr/m/n/8 This study in-tro-duced Aligner-Encoder, a
 []


Underfull \hbox (badness 10000) in paragraph at lines 911--911
[]\T1/cmr/m/n/8 [[]],
 []


Underfull \hbox (badness 10000) in paragraph at lines 913--913
[]\T1/cmr/m/n/8 [[]],
 []


Underfull \hbox (badness 10000) in paragraph at lines 915--915
[]\T1/cmr/m/n/8 [[]],
 []


Overfull \hbox (44.33855pt too wide) in paragraph at lines 903--919
[][]
 []

[73] [74] [75] [76]
Underfull \hbox (badness 10000) in paragraph at lines 940--940
[]\T1/cmr/m/n/8 [[]],
 []


Underfull \hbox (badness 10000) in paragraph at lines 942--942
[]\T1/cmr/m/n/8 [[]],
 []


Underfull \hbox (badness 3098) in paragraph at lines 942--943
\T1/cmr/m/n/8 F1-Score: 0.45 (ATVI), 0.51 (AAPL), 0.48
 []


Underfull \hbox (badness 10000) in paragraph at lines 944--944
[]\T1/cmr/m/n/8 [[]],
 []


Underfull \hbox (badness 2884) in paragraph at lines 944--945
\T1/cmr/m/n/8 MSE: 0.0085 (Trans-former), 0.1972 (LSTM),
 []


Underfull \hbox (badness 2884) in paragraph at lines 944--945
\T1/cmr/m/n/8 MSE: 0.0118 (Trans-former), 0.0095 (LSTM),
 []


Underfull \hbox (badness 10000) in paragraph at lines 946--946
[]\T1/cmr/m/n/8 [[]],
 []


Underfull \hbox (badness 10000) in paragraph at lines 948--948
[]\T1/cmr/m/n/8 [[]],
 []


Overfull \hbox (44.33855pt too wide) in paragraph at lines 936--952
[][]
 []

[77] [78] [79] [80]
<fig_ecg_gan_ae.png, id=1381, 903.375pt x 491.8375pt>
File: fig_ecg_gan_ae.png Graphic file (type png)
<use fig_ecg_gan_ae.png>
Package pdftex.def Info: fig_ecg_gan_ae.png  used on input line 972.
(pdftex.def)             Requested size: 361.3436pt x 196.7315pt.


LaTeX Warning: `!h' float specifier changed to `!ht'.


Underfull \hbox (badness 10000) in paragraph at lines 985--985
[]\T1/cmr/m/n/8 [[]],
 []


Underfull \hbox (badness 10000) in paragraph at lines 987--987
[]\T1/cmr/m/n/8 [[]],
 []


Underfull \hbox (badness 10000) in paragraph at lines 989--989
[]\T1/cmr/m/n/8 [[]],
 []


Underfull \hbox (badness 10000) in paragraph at lines 991--991
[]\T1/cmr/m/n/8 [[]],
 []


Underfull \hbox (badness 10000) in paragraph at lines 993--993
[]\T1/cmr/m/n/8 [[]],
 []


Underfull \hbox (badness 10000) in paragraph at lines 995--995
[]\T1/cmr/m/n/8 [[]],
 []


Underfull \hbox (badness 10000) in paragraph at lines 997--997
[]\T1/cmr/m/n/8 [[]],
 []


Overfull \hbox (44.33855pt too wide) in paragraph at lines 981--1001
[][]
 []

[81] [82 <./fig_ecg_gan_ae.png>] [83] [84] [85]
Underfull \hbox (badness 10000) in paragraph at lines 1027--1027
[]\T1/cmr/m/n/8 [[]],
 []


Underfull \hbox (badness 10000) in paragraph at lines 1029--1029
[]\T1/cmr/m/n/8 [[]],
 []


Underfull \hbox (badness 10000) in paragraph at lines 1031--1031
[]\T1/cmr/m/n/8 [[]],
 []


Underfull \hbox (badness 10000) in paragraph at lines 1033--1033
[]\T1/cmr/m/n/8 [[]],
 []


Underfull \hbox (badness 3792) in paragraph at lines 1033--1033
[]\T1/cmr/m/n/8 A frame-work com-prises two sep-a-rated deep
 []


Underfull \hbox (badness 10000) in paragraph at lines 1035--1035
[]\T1/cmr/m/n/8 [[]],
 []


Underfull \hbox (badness 10000) in paragraph at lines 1037--1037
[]\T1/cmr/m/n/8 [[]],
 []


Underfull \hbox (badness 10000) in paragraph at lines 1039--1039
[]\T1/cmr/m/n/8 [[]],
 []


Underfull \hbox (badness 10000) in paragraph at lines 1039--1040
[]\T1/cmr/m/n/8 EEGdenoiseNet(EEG, EOG, EMG), MIT-
 []


Underfull \hbox (badness 4752) in paragraph at lines 1039--1040
\T1/cmr/m/n/8 BIH Ar-rhyth-mia (ECG) and semi-simulated
 []


Overfull \hbox (44.33855pt too wide) in paragraph at lines 1023--1043
[][]
 []

[86] [87]
Underfull \hbox (badness 10000) in paragraph at lines 1062--1062
[]\T1/cmr/m/n/8 [[]],
 []


Underfull \hbox (badness 10000) in paragraph at lines 1064--1064
[]\T1/cmr/m/n/8 [[]],
 []


Underfull \hbox (badness 7832) in paragraph at lines 1064--1064
[]\T1/cmr/m/n/8 Segment Any-thing ar-chi-tec-ture
 []


Underfull \hbox (badness 10000) in paragraph at lines 1066--1066
[]\T1/cmr/m/n/8 [[]],
 []


Underfull \hbox (badness 10000) in paragraph at lines 1068--1068
[]\T1/cmr/m/n/8 [[]],
 []


Underfull \hbox (badness 10000) in paragraph at lines 1070--1070
[]\T1/cmr/m/n/8 [[]],
 []


Overfull \hbox (27.8858pt too wide) in paragraph at lines 1058--1074
[][]
 []

[88] [89]
Underfull \hbox (badness 10000) in paragraph at lines 1090--1090
[]\T1/cmr/m/n/8 [[]],
 []


Underfull \hbox (badness 10000) in paragraph at lines 1092--1092
[]\T1/cmr/m/n/8 [[]],
 []


Underfull \hbox (badness 10000) in paragraph at lines 1094--1094
[]\T1/cmr/m/n/8 [[]],
 []


Underfull \hbox (badness 5847) in paragraph at lines 1094--1094
[]\T1/cmr/m/n/8 Mobile robot, In-tel Re-alSense
 []


Underfull \hbox (badness 10000) in paragraph at lines 1096--1096
[]\T1/cmr/m/n/8 [[]],
 []


Underfull \hbox (badness 6252) in paragraph at lines 1096--1097
[]\T1/cmr/m/n/8 Navigation path ex-
 []


Overfull \hbox (27.8858pt too wide) in paragraph at lines 1086--1100
[][]
 []

[90]
<fig_hri_llm_grounding_architecture.png, id=1554, 541.02126pt x 225.84375pt>
File: fig_hri_llm_grounding_architecture.png Graphic file (type png)
<use fig_hri_llm_grounding_architecture.png>
Package pdftex.def Info: fig_hri_llm_grounding_architecture.png  used on input 
line 1110.
(pdftex.def)             Requested size: 324.61525pt x 135.50728pt.


LaTeX Warning: `!h' float specifier changed to `!ht'.


Underfull \hbox (badness 10000) in paragraph at lines 1123--1123
[]\T1/cmr/m/n/8 [[]],
 []


Underfull \hbox (badness 10000) in paragraph at lines 1125--1125
[]\T1/cmr/m/n/8 [[]],
 []


Underfull \hbox (badness 10000) in paragraph at lines 1127--1127
[]\T1/cmr/m/n/8 [[]],
 []


Underfull \hbox (badness 10000) in paragraph at lines 1127--1127
[]\T1/cmr/m/n/8 Neuro-Inspired COL-lab-o-ra-tor
 []


Underfull \hbox (badness 10000) in paragraph at lines 1129--1129
[]\T1/cmr/m/n/8 [[]],
 []


Underfull \hbox (badness 1609) in paragraph at lines 1129--1129
[]\T1/cmr/m/n/8 MStretch SE3 robot, In-tel Re-
 []


Underfull \hbox (badness 10000) in paragraph at lines 1129--1129
[]\T1/cmr/m/n/8 Object seg-men-ta-tion: YOLO
 []


Underfull \hbox (badness 10000) in paragraph at lines 1129--1130
[]\T1/cmr/m/n/8 Robot be-hav-ior an-
 []


Overfull \hbox (27.8858pt too wide) in paragraph at lines 1119--1133
[][]
 []

[91] [92 <./fig_hri_llm_grounding_architecture.png>] [93] [94] [95] [96]
[97] [98] [99] [100] [101] [102] [103] [104] (elsarticle-template-num_v2.bbl
Underfull \hbox (badness 1043) in paragraph at lines 9--16
[]\T1/cmr/m/n/12 S. Shamshir-band, M. Fathi, A. De-hzangi, A. T. Chronopou-los,

 []


Underfull \hbox (badness 10000) in paragraph at lines 9--16
\T1/cmr/m/n/12 URL []$\T1/cmtt/m/n/12 https : / / www . sciencedirect . com / s
cience / article / pii /
 []


Underfull \hbox (badness 10000) in paragraph at lines 18--24
\T1/cmr/m/n/12 URL []$\T1/cmtt/m/n/12 https : / / www . sciencedirect . com / s
cience / article / pii /
 []


Underfull \hbox (badness 1231) in paragraph at lines 35--42
[]\T1/cmr/m/n/12 P. Dixit, S. Silakari, []Deep Learn-ing Al-go-rithms for Cy-be
r-se-cu-
 []


Underfull \hbox (badness 10000) in paragraph at lines 35--42
\T1/cmr/m/n/12 URL []$\T1/cmtt/m/n/12 https : / / www . sciencedirect . com / s
cience / article / pii /
 []

[105] [106]
Underfull \hbox (badness 1762) in paragraph at lines 120--126
\T1/cmr/m/n/12 Gomez, L. Kaiser, I. Polo-sukhin, []At-ten-tion Is All You Need[
],
 []

[107]
Underfull \hbox (badness 1831) in paragraph at lines 162--168
[]\T1/cmr/m/n/12 Y. A. Le-Cun, L. Bot-tou, G. B. Orr, K.-R. Müller, []Ef-fi-cie
nt
 []


Underfull \hbox (badness 10000) in paragraph at lines 176--182
\T1/cmr/m/n/12 URL []$\T1/cmtt/m/n/12 https : / / papers . nips . cc / paper _ 
files / paper / 2000 / hash /
 []


Underfull \hbox (badness 2189) in paragraph at lines 204--211
[]\T1/cmr/m/n/12 D.-A. Clev-ert, T. Un-terthiner, S. Hochre-iter, []Fast and Ac
-cu-
 []

[108]
Underfull \hbox (badness 10000) in paragraph at lines 231--237
\T1/cmr/m/n/12 URL []$\T1/cmtt/m/n/12 https : / / www . sciencedirect . com / s
cience / article / pii /
 []

[109]
Underfull \hbox (badness 10000) in paragraph at lines 311--315
\T1/cmr/m/n/12 URL []$\T1/cmtt/m/n/12 https : / / www . semanticscholar . org /

 []


Underfull \hbox (badness 10000) in paragraph at lines 311--315
\T1/cmtt/m/n/12 paper / Layer-[]Normalization-[]Ba-[]Kiros /
 []


Underfull \hbox (badness 6526) in paragraph at lines 324--330
[]\T1/cmr/m/n/12 K. Hornik, M. Stinch-combe, H. White, []Mul-ti-layer feed-for-

 []


Underfull \hbox (badness 10000) in paragraph at lines 324--330
\T1/cmr/m/n/12 ward net-works are uni-ver-sal ap-prox-i-ma-tors[] 2 (5) 359--36
6.
 []


Underfull \hbox (badness 10000) in paragraph at lines 324--330
\T1/cmr/m/n/12 URL []$\T1/cmtt/m/n/12 https : / / www . sciencedirect . com / s
cience / article / pii /
 []

[110]
Underfull \hbox (badness 10000) in paragraph at lines 378--384
\T1/cmr/m/n/12 URL []$\T1/cmtt/m/n/12 https : / / proceedings . neurips . cc / 
paper _ files / paper /
 []

[111]
Underfull \hbox (badness 10000) in paragraph at lines 436--441
[]\T1/cmr/m/n/12 S. Zagoruyko, N. Ko-modakis, []Wide Resid-ual Net-works[],
 []


Underfull \hbox (badness 10000) in paragraph at lines 460--467
\T1/cmr/m/n/12 URL []$\T1/cmtt/m/n/12 https : / / www . sciencedirect . com / s
cience / article / pii /
 []

[112]
Underfull \hbox (badness 10000) in paragraph at lines 469--477
\T1/cmr/m/n/12 URL []$\T1/cmtt/m/n/12 https : / / www . sciencedirect . com / s
cience / article / pii /
 []


Underfull \hbox (badness 10000) in paragraph at lines 479--486
[]\T1/cmr/m/n/12 N. Cinar, A. Oz-can, M. Kaya, []A hy-brid DenseNet121-
 []


Underfull \hbox (badness 2941) in paragraph at lines 479--486
\T1/cmr/m/n/12 UNet model for brain tu-mor seg-men-ta-tion from MR Im-ages[],
 []


Underfull \hbox (badness 4805) in paragraph at lines 479--486
\T1/cmr/m/n/12 Biomed-i-cal Sig-nal Pro-cess-ing and Con-trol 76 (2022) 103647.

 []


Underfull \hbox (badness 10000) in paragraph at lines 479--486
\T1/cmr/m/n/12 URL []$\T1/cmtt/m/n/12 https : / / www . sciencedirect . com / s
cience / article / pii /
 []


Underfull \hbox (badness 10000) in paragraph at lines 517--525
\T1/cmr/m/n/12 URL []$\T1/cmtt/m/n/12 https : / / www . sciencedirect . com / s
cience / article / pii /
 []

[113]
Underfull \hbox (badness 6876) in paragraph at lines 563--569
[]\T1/cmr/m/n/12 G. E. Hin-ton, []Deep be-lief net-works[] 4 (5) 5947.  []$\T1/
cmtt/m/n/12 doi :
 []


Underfull \hbox (badness 10000) in paragraph at lines 563--569
\T1/cmr/m/n/12 URL []$\T1/cmtt/m/n/12 http : / / www . scholarpedia . org / art
icle / Deep _ belief _
 []

[114]
Underfull \hbox (badness 5756) in paragraph at lines 596--603
[]\T1/cmr/m/n/12 P. Li, Y. Pei, J. Li, []A com-pre-hen-sive sur-vey on de-sign
 []


Underfull \hbox (badness 3312) in paragraph at lines 596--603
\T1/cmr/m/n/12 and ap-pli-ca-tion of au-toen-coder in deep learn-ing[] 138 1101
76.
 []


Underfull \hbox (badness 10000) in paragraph at lines 596--603
\T1/cmr/m/n/12 URL []$\T1/cmtt/m/n/12 https : / / www . sciencedirect . com / s
cience / article / pii /
 []

[115] [116]
Underfull \hbox (badness 10000) in paragraph at lines 741--746
\T1/cmr/m/n/12 URL []$\T1/cmtt/m/n/12 https : / / openaccess . thecvf . com / c
ontent / ICCV2023W /
 []


Underfull \hbox (badness 10000) in paragraph at lines 741--746
\T1/cmtt/m/n/12 CVAMD / html / Park _ Robust _ Asymmetric _ Loss _ for _ Multi-
[]Label _
 []

[117]
Underfull \hbox (badness 10000) in paragraph at lines 802--808
\T1/cmr/m/n/12 URL []$\T1/cmtt/m/n/12 https : / / www . sciencedirect . com / s
cience / article / pii /
 []

[118]
Underfull \hbox (badness 10000) in paragraph at lines 825--831
\T1/cmr/m/n/12 URL []$\T1/cmtt/m/n/12 https : / / proceedings . neurips . cc / 
paper _ files / paper /
 []


Underfull \hbox (badness 10000) in paragraph at lines 833--838
\T1/cmr/m/n/12 URL []$\T1/cmtt/m/n/12 https : / / www . cv-[]foundation . org /
 openaccess / content _
 []

[119]
Underfull \hbox (badness 10000) in paragraph at lines 890--898
[]\T1/cmr/m/n/12 A. Husham Al-Badri, N. Az-man Is-mail, K. Al-Dulaimi,
 []


Underfull \hbox (badness 10000) in paragraph at lines 890--898
\T1/cmr/m/n/12 Sup-pres-sion for im-prov-ing per-for-mance of \T1/cmr/m/it/12 R
umex \T1/cmr/m/n/12 de-tec-
 []


Underfull \hbox (badness 6188) in paragraph at lines 890--898
\T1/cmr/m/n/12 tion[], Ex-pert Sys-tems with Ap-pli-ca-tions 219 (2023) 119634.

 []


Underfull \hbox (badness 10000) in paragraph at lines 890--898
\T1/cmr/m/n/12 URL []$\T1/cmtt/m/n/12 https : / / www . sciencedirect . com / s
cience / article / pii /
 []


Underfull \hbox (badness 2384) in paragraph at lines 920--927
[]\T1/cmr/m/n/12 N. Car-ion, F. Massa, G. Syn-naeve, N. Usunier, A. Kir-illov,
 []

[120]
Underfull \hbox (badness 10000) in paragraph at lines 933--938
\T1/cmr/m/n/12 URL []$\T1/cmtt/m/n/12 https : / / openaccess . thecvf . com / c
ontent / ICCV2021 / html /
 []


Underfull \hbox (badness 10000) in paragraph at lines 933--938
\T1/cmtt/m/n/12 Dai _ Dynamic _ DETR _ End-[]to-[]End _ Object _ Detection _ Wi
th _ Dynamic _
 []

[121]
Underfull \hbox (badness 10000) in paragraph at lines 989--995
\T1/cmr/m/n/12 URL []$\T1/cmtt/m/n/12 https : / / www . sciencedirect . com / s
cience / article / pii /
 []

[122] [123]
Underfull \hbox (badness 10000) in paragraph at lines 1092--1098
\T1/cmr/m/n/12 URL []$\T1/cmtt/m/n/12 https : / / content . iospress . com / ar
ticles /
 []


Underfull \hbox (badness 7522) in paragraph at lines 1100--1107
[]\T1/cmr/m/n/12 B. Yu, Z.-b. Xu, C.-h. Li, []La-tent se-man-tic anal-y-sis for

 []


Underfull \hbox (badness 10000) in paragraph at lines 1100--1107
\T1/cmr/m/n/12 text cat-e-go-riza-tion us-ing neu-ral net-work[] 21 (8) 900--90
4.
 []


Underfull \hbox (badness 10000) in paragraph at lines 1100--1107
\T1/cmr/m/n/12 URL []$\T1/cmtt/m/n/12 https : / / www . sciencedirect . com / s
cience / article / pii /
 []


Underfull \hbox (badness 4013) in paragraph at lines 1140--1147
[]\T1/cmr/m/n/12 G. Liu, J. Guo, []Bidi-rec-tional LSTM with at-ten-tion mech-a
-
 []


Underfull \hbox (badness 10000) in paragraph at lines 1140--1147
\T1/cmr/m/n/12 URL []$\T1/cmtt/m/n/12 https : / / www . sciencedirect . com / s
cience / article / pii /
 []

[124]
Underfull \hbox (badness 10000) in paragraph at lines 1153--1160
\T1/cmr/m/n/12 URL []$\T1/cmtt/m/n/12 https : / / www . sciencedirect . com / s
cience / article / pii /
 []


Underfull \hbox (badness 4954) in paragraph at lines 1179--1185
[]\T1/cmr/m/n/12 B. Ro-drawang-pai, W. Daung-jai-boon, []Im-prov-ing text clas-
si-fi-
 []


Underfull \hbox (badness 4805) in paragraph at lines 1179--1185
\T1/cmr/m/n/12 ca-tion with trans-form-ers and layer nor-mal-iza-tion[] 10 1004
03.
 []


Underfull \hbox (badness 10000) in paragraph at lines 1179--1185
\T1/cmr/m/n/12 URL []$\T1/cmtt/m/n/12 https : / / www . sciencedirect . com / s
cience / article / pii /
 []


Underfull \hbox (badness 1102) in paragraph at lines 1187--1194
[]\T1/cmr/m/n/12 H. Murfi, Syam-syuri-ani, T. Gowandi, G. Ar-daneswari, S. Nur-

 []


Underfull \hbox (badness 3646) in paragraph at lines 1187--1194
\T1/cmr/m/n/12 neu-ral net-work for in-done-sian sen-ti-ment anal-y-sis[] 151 1
11112.
 []


Underfull \hbox (badness 10000) in paragraph at lines 1187--1194
\T1/cmr/m/n/12 URL []$\T1/cmtt/m/n/12 https : / / www . sciencedirect . com / s
cience / article / pii /
 []

[125] [126] [127]
Underfull \hbox (badness 10000) in paragraph at lines 1339--1346
\T1/cmr/m/n/12 URL []$\T1/cmtt/m/n/12 https : / / www . sciencedirect . com / s
cience / article / pii /
 []


Underfull \hbox (badness 10000) in paragraph at lines 1348--1355
\T1/cmr/m/n/12 URL []$\T1/cmtt/m/n/12 https : / / www . sciencedirect . com / s
cience / article / pii /
 []


Underfull \hbox (badness 1769) in paragraph at lines 1362--1369
[]\T1/cmr/m/n/12 O. Ha-jipoor, A. Nick-abadi, M. M. Homay-oun-pour, []GPT-GAN:
 []


Underfull \hbox (badness 2150) in paragraph at lines 1362--1369
\T1/cmr/m/n/12 Uti-liz-ing the GPT lan-guage model and GAN to en-hance ad-
 []


Underfull \hbox (badness 3965) in paragraph at lines 1362--1369
\T1/cmr/m/n/12 ver-sar-ial text gen-er-a-tion[], Neu-ro-com-put-ing 617 (2025) 
128865.
 []


Underfull \hbox (badness 10000) in paragraph at lines 1362--1369
\T1/cmr/m/n/12 URL []$\T1/cmtt/m/n/12 https : / / www . sciencedirect . com / s
cience / article / pii /
 []

[128] [129] [130]
Underfull \hbox (badness 10000) in paragraph at lines 1520--1527
\T1/cmr/m/n/12 URL []$\T1/cmtt/m/n/12 https : / / www . sciencedirect . com / s
cience / article / pii /
 []


Underfull \hbox (badness 10000) in paragraph at lines 1529--1536
\T1/cmr/m/n/12 URL []$\T1/cmtt/m/n/12 https : / / www . sciencedirect . com / s
cience / article / pii /
 []

[131]
Underfull \hbox (badness 2521) in paragraph at lines 1538--1545
\T1/cmr/m/n/12 wear-able sen-sors[], Ap-plied Soft Com-put-ing 111 (2021) 10772
8.
 []


Underfull \hbox (badness 10000) in paragraph at lines 1538--1545
\T1/cmr/m/n/12 URL []$\T1/cmtt/m/n/12 https : / / www . sciencedirect . com / s
cience / article / pii /
 []


Underfull \hbox (badness 3375) in paragraph at lines 1547--1554
\T1/cmr/m/n/12 recog-ni-tion with lightweight deep mod-els boosted with at-ten-

 []


Underfull \hbox (badness 1616) in paragraph at lines 1547--1554
\T1/cmr/m/n/12 tion[], Com-put-ers and Elec-tri-cal En-gi-neer-ing 117 (2024) 1
09274.
 []


Underfull \hbox (badness 10000) in paragraph at lines 1547--1554
\T1/cmr/m/n/12 URL []$\T1/cmtt/m/n/12 https : / / www . sciencedirect . com / s
cience / article / pii /
 []


Underfull \hbox (badness 1377) in paragraph at lines 1586--1594
\T1/cmr/m/n/12 tiv-ity recog-ni-tion: A deep con-vo-lu-tional transformer-based
 con-
 []


Underfull \hbox (badness 3118) in paragraph at lines 1586--1594
\T1/cmr/m/n/12 trastive self-supervised ap-proach us-ing wear-able sen-sors[], 
En-gi-
 []


Underfull \hbox (badness 10000) in paragraph at lines 1586--1594
\T1/cmr/m/n/12 URL []$\T1/cmtt/m/n/12 https : / / www . sciencedirect . com / s
cience / article / pii /
 []

[132]
Underfull \hbox (badness 1377) in paragraph at lines 1646--1654
[]\T1/cmr/m/n/12 M. Mo-ham-madzadeh, A. Ghadami, A. Taheri, S. Be-hzadipour,
 []


Underfull \hbox (badness 2343) in paragraph at lines 1646--1654
[]\T1/cmr/m/n/12 cGAN-based high di-men-sional IMU sen-sor data gen-er-a-tion f
or
 []


Underfull \hbox (badness 4181) in paragraph at lines 1646--1654
\T1/cmr/m/n/12 en-hanced hu-man ac-tiv-ity recog-ni-tion in ther-a-peu-tic ac-t
iv-i-ties[],
 []


Underfull \hbox (badness 3302) in paragraph at lines 1646--1654
\T1/cmr/m/n/12 Biomed-i-cal Sig-nal Pro-cess-ing and Con-trol 103 (2025) 107476
.
 []


Underfull \hbox (badness 10000) in paragraph at lines 1646--1654
\T1/cmr/m/n/12 URL []$\T1/cmtt/m/n/12 https : / / www . sciencedirect . com / s
cience / article / pii /
 []

[133] [134]
Underfull \hbox (badness 5696) in paragraph at lines 1727--1734
[]\T1/cmr/m/n/12 C. Hema, F. P. Gar-cia Mar-quez, []Emo-tional speech recog-
 []


Underfull \hbox (badness 5696) in paragraph at lines 1727--1734
\T1/cmr/m/n/12 ni-tion us-ing cnn and deep learn-ing tech-niques[] 211 109492.
 []


Underfull \hbox (badness 10000) in paragraph at lines 1727--1734
\T1/cmr/m/n/12 URL []$\T1/cmtt/m/n/12 https : / / www . sciencedirect . com / s
cience / article / pii /
 []

[135]
Underfull \hbox (badness 1242) in paragraph at lines 1797--1803
[]\T1/cmr/m/n/12 A. Rad-ford, J. W. Kim, T. Xu, G. Brock-man, C. McLeavey,
 []


Underfull \hbox (badness 1320) in paragraph at lines 1814--1821
\T1/cmr/m/n/12 Encoders: Self-Attention Trans-form-ers Can Be Self-Transducers[
],
 []

[136]
Underfull \hbox (badness 1082) in paragraph at lines 1873--1880
[]\T1/cmr/m/n/12 S. Sun, S. Wang, Y. Wei, []A new en-sem-ble deep learn-ing ap-

 []


Underfull \hbox (badness 2799) in paragraph at lines 1873--1880
\T1/cmr/m/n/12 proach for ex-change rates fore-cast-ing and trad-ing[] 46 10116
0.
 []


Underfull \hbox (badness 10000) in paragraph at lines 1873--1880
\T1/cmr/m/n/12 URL []$\T1/cmtt/m/n/12 https : / / www . sciencedirect . com / s
cience / article / pii /
 []


Underfull \hbox (badness 1014) in paragraph at lines 1886--1894
\T1/cmr/m/n/12 A new for-eign ex-change rate pre-dic-tion method con-sid-er-ing
 the
 []


Underfull \hbox (badness 1655) in paragraph at lines 1886--1894
\T1/cmr/m/n/12 fea-tures[], Ex-pert Sys-tems with Ap-pli-ca-tions 214 (2023) 11
9152.
 []


Underfull \hbox (badness 10000) in paragraph at lines 1886--1894
\T1/cmr/m/n/12 URL []$\T1/cmtt/m/n/12 https : / / www . sciencedirect . com / s
cience / article / pii /
 []

[137] [138]
Underfull \hbox (badness 10000) in paragraph at lines 1964--1970
\T1/cmr/m/n/12 URL []$\T1/cmtt/m/n/12 https : / / www . sciencedirect . com / s
cience / article / pii /
 []


Underfull \hbox (badness 10000) in paragraph at lines 1984--1992
\T1/cmr/m/n/12 URL []$\T1/cmtt/m/n/12 https : / / www . sciencedirect . com / s
cience / article / pii /
 []

[139]
Underfull \hbox (badness 10000) in paragraph at lines 2051--2059
\T1/cmr/m/n/12 URL []$\T1/cmtt/m/n/12 https : / / www . sciencedirect . com / s
cience / article / pii /
 []

[140]
Underfull \hbox (badness 10000) in paragraph at lines 2061--2068
\T1/cmr/m/n/12 URL []$\T1/cmtt/m/n/12 https : / / www . sciencedirect . com / s
cience / article / pii /
 []


Underfull \hbox (badness 10000) in paragraph at lines 2070--2078
\T1/cmr/m/n/12 URL []$\T1/cmtt/m/n/12 https : / / www . sciencedirect . com / s
cience / article / pii /
 []


Underfull \hbox (badness 10000) in paragraph at lines 2080--2087
\T1/cmr/m/n/12 URL []$\T1/cmtt/m/n/12 https : / / www . sciencedirect . com / s
cience / article / pii /
 []


Underfull \hbox (badness 1342) in paragraph at lines 2089--2097
\T1/cmr/m/n/12 multi-class ar-rhyth-mia de-tec-tion us-ing spatio-temporal atte
ntion-
 []


Underfull \hbox (badness 10000) in paragraph at lines 2089--2097
\T1/cmr/m/n/12 URL []$\T1/cmtt/m/n/12 https : / / www . sciencedirect . com / s
cience / article / pii /
 []


Underfull \hbox (badness 1112) in paragraph at lines 2109--2116
[]\T1/cmr/m/n/12 Y. Huang, W. Liu, Z. Yin, S. Hu, M. Wang, W. Cai, []ECG
 []


Underfull \hbox (badness 3138) in paragraph at lines 2109--2116
\T1/cmr/m/n/12 clas-si-fi-ca-tion based on guided at-ten-tion mech-a-nism[], Co
m-puter
 []


Underfull \hbox (badness 7963) in paragraph at lines 2109--2116
\T1/cmr/m/n/12 Meth-ods and Pro-grams in Biomedicine 257 (2024) 108454.
 []


Underfull \hbox (badness 10000) in paragraph at lines 2109--2116
\T1/cmr/m/n/12 URL []$\T1/cmtt/m/n/12 https : / / www . sciencedirect . com / s
cience / article / pii /
 []

[141]
Underfull \hbox (badness 1584) in paragraph at lines 2118--2124
[]\T1/cmr/m/n/12 P. Aghao-midi, G. Wang, []ECG-SleepNet: Deep Learning-Based
 []


Underfull \hbox (badness 4531) in paragraph at lines 2118--2124
\T1/cmr/m/n/12 Com-pre-hen-sive Sleep Stage Clas-si-fi-ca-tion Us-ing ECG Sig-n
als[],
 []


Underfull \hbox (badness 1292) in paragraph at lines 2126--2133
[]\T1/cmr/m/n/12 R. Hasani, M. Lech-ner, A. Amini, D. Rus, R. Grosu, []Liq-uid
 []


Underfull \hbox (badness 2818) in paragraph at lines 2126--2133
\T1/cmr/m/n/12 Time-constant Net-works[], Pro-ceed-ings of the AAAI Con-fer-enc
e
 []


Underfull \hbox (badness 1509) in paragraph at lines 2126--2133
\T1/cmr/m/n/12 on Ar-ti-fi-cial In-tel-li-gence 35 (9) (2021) 7657--7666, num-b
er: 9.
 []


Underfull \hbox (badness 10000) in paragraph at lines 2126--2133
\T1/cmr/m/n/12 URL []$\T1/cmtt/m/n/12 https : / / ojs . aaai . org / index . ph
p / AAAI / article / view /
 []


Underfull \hbox (badness 2343) in paragraph at lines 2153--2160
[]\T1/cmr/m/n/12 C. Msigwa, D. Bernard, J. Yun, []IoT-driven wear-able de-vices

 []


Underfull \hbox (badness 10000) in paragraph at lines 2153--2160
\T1/cmr/m/n/12 en-hanc-ing health-care: ECG clas-si-fi-ca-tion with cluster-bas
ed
 []


Underfull \hbox (badness 1668) in paragraph at lines 2153--2160
\T1/cmr/m/n/12 GAN and meta-features[], In-ter-net of Things 28 (2024) 101405.
 []


Underfull \hbox (badness 10000) in paragraph at lines 2153--2160
\T1/cmr/m/n/12 URL []$\T1/cmtt/m/n/12 https : / / www . sciencedirect . com / s
cience / article / pii /
 []


Underfull \hbox (badness 3525) in paragraph at lines 2162--2170
[]\T1/cmr/m/n/12 R. T. Schirrmeis-ter, J. T. Sprin-gen-berg, L. D. J. Fiederer,

 []


Underfull \hbox (badness 2573) in paragraph at lines 2162--2170
\T1/cmr/m/n/12 M. Glasstet-ter, K. Eggensperger, M. Tanger-mann, F. Hut-ter,
 []


Underfull \hbox (badness 1603) in paragraph at lines 2162--2170
\T1/cmr/m/n/12 W. Bur-gard, T. Ball, []Deep learn-ing with con-vo-lu-tional neu
-ral
 []


Underfull \hbox (badness 1163) in paragraph at lines 2162--2170
\T1/cmr/m/n/12 net-works for eeg de-cod-ing and vi-su-al-iza-tion[] 38 (11) 539
1--5420.
 []


Underfull \hbox (badness 10000) in paragraph at lines 2162--2170
\T1/cmr/m/n/12 URL []$\T1/cmtt/m/n/12 https : / / onlinelibrary . wiley . com /
 doi / abs / 10 . 1002 / hbm .
 []

[142] [143] [144]
Underfull \hbox (badness 10000) in paragraph at lines 2274--2281
\T1/cmr/m/n/12 URL []$\T1/cmtt/m/n/12 https : / / www . sciencedirect . com / s
cience / article / pii /
 []


Underfull \hbox (badness 10000) in paragraph at lines 2294--2302
\T1/cmr/m/n/12 URL []$\T1/cmtt/m/n/12 https : / / www . sciencedirect . com / s
cience / article / pii /
 []


Underfull \hbox (badness 1231) in paragraph at lines 2304--2312
\T1/cmr/m/n/12 - Com-puter and In-for-ma-tion Sci-ences 34 (5) (2022) 1730--173
8.
 []


Underfull \hbox (badness 10000) in paragraph at lines 2304--2312
\T1/cmr/m/n/12 URL []$\T1/cmtt/m/n/12 https : / / www . sciencedirect . com / s
cience / article / pii /
 []


Underfull \hbox (badness 1259) in paragraph at lines 2314--2322
\T1/cmr/m/n/12 and EEG based on ma-chine learn-ing and deep neu-ral net-work
 []


Underfull \hbox (badness 2529) in paragraph at lines 2314--2322
\T1/cmr/m/n/12 meth-ods[], In-for-mat-ics in Medicine Un-locked 20 (2020) 10037
2.
 []


Underfull \hbox (badness 10000) in paragraph at lines 2314--2322
\T1/cmr/m/n/12 URL []$\T1/cmtt/m/n/12 https : / / www . sciencedirect . com / s
cience / article / pii /
 []

[145]
Underfull \hbox (badness 2293) in paragraph at lines 2343--2350
\T1/cmr/m/n/12 EEG sig-nal clas-si-fi-ca-tion through data aug-men-ta-tion[], F
ron-tiers
 []


Underfull \hbox (badness 2698) in paragraph at lines 2343--2350
\T1/cmr/m/n/12 in Hu-man Neu-ro-science 18, pub-lisher: Fron-tiers (Jun. 2024).

 []


Underfull \hbox (badness 10000) in paragraph at lines 2343--2350
\T1/cmr/m/n/12 URL []$\T1/cmtt/m/n/12 https : / / www . frontiersin . org / jou
rnals /
 []


Underfull \hbox (badness 10000) in paragraph at lines 2343--2350
\T1/cmtt/m/n/12 human-[]neuroscience / articles / 10 . 3389 / fnhum . 2024 . 14
30086 /
 []


Underfull \hbox (badness 2310) in paragraph at lines 2352--2358
\T1/cmr/m/n/12 EEG Spa-tial Res-o-lu-tion with Gen-er-a-tive Ad-ver-sar-ial Net
-works[],
 []


Underfull \hbox (badness 10000) in paragraph at lines 2370--2378
\T1/cmr/m/n/12 URL []$\T1/cmtt/m/n/12 https : / / www . sciencedirect . com / s
cience / article / pii /
 []

[146]
Underfull \hbox (badness 10000) in paragraph at lines 2400--2408
\T1/cmr/m/n/12 URL []$\T1/cmtt/m/n/12 https : / / www . sciencedirect . com / s
cience / article / pii /
 []


Underfull \hbox (badness 10000) in paragraph at lines 2410--2417
[]\T1/cmr/m/n/12 L. Ge, A. Sadhu, []Deep learning-enhanced smart ground
 []


Underfull \hbox (badness 10000) in paragraph at lines 2410--2417
\T1/cmr/m/n/12 robotic sys-tem for au-to-mated struc-tural dam-age in-spec-tion

 []


Underfull \hbox (badness 2096) in paragraph at lines 2410--2417
\T1/cmr/m/n/12 and map-ping[], Au-toma-tion in Con-struc-tion 170 (2025) 105951
.
 []


Underfull \hbox (badness 10000) in paragraph at lines 2410--2417
\T1/cmr/m/n/12 URL []$\T1/cmtt/m/n/12 https : / / www . sciencedirect . com / s
cience / article / pii /
 []

[147]
Underfull \hbox (badness 3333) in paragraph at lines 2466--2474
\T1/cmr/m/n/12 Com-put-ers and Elec-tron-ics in Agri-cul-ture 229 (2025) 109687
.
 []


Underfull \hbox (badness 10000) in paragraph at lines 2466--2474
\T1/cmr/m/n/12 URL []$\T1/cmtt/m/n/12 https : / / www . sciencedirect . com / s
cience / article / pii /
 []

[148] [149]
Underfull \hbox (badness 1565) in paragraph at lines 2604--2613
\T1/cmr/m/n/12 Rah-man, S. Shatabda, M. S. H. Mukta, []A sys-tem-atic re-view
 []


Underfull \hbox (badness 10000) in paragraph at lines 2604--2613
\T1/cmr/m/n/12 of hy-per-pa-ram-e-ter op-ti-miza-tion tech-niques in Con-vo-lu-
tional
 []


Underfull \hbox (badness 1430) in paragraph at lines 2604--2613
\T1/cmr/m/n/12 Neu-ral Net-works[], De-ci-sion An-a-lyt-ics Jour-nal 11 (2024) 
100470.
 []


Underfull \hbox (badness 10000) in paragraph at lines 2604--2613
\T1/cmr/m/n/12 URL []$\T1/cmtt/m/n/12 https : / / www . sciencedirect . com / s
cience / article / pii /
 []

[150]
Underfull \hbox (badness 10000) in paragraph at lines 2627--2633
\T1/cmr/m/n/12 URL []$\T1/cmtt/m/n/12 https : / / proceedings . neurips . cc / 
paper _ files / paper /
 []


Underfull \hbox (badness 1400) in paragraph at lines 2655--2661
[]\T1/cmr/m/n/12 C. Yan, J. Xu, Q. Wang, Z. Peng, []A Triple-Inertial Ac-cel-er
-
 []

[151]
Underfull \hbox (badness 10000) in paragraph at lines 2699--2706
\T1/cmr/m/n/12 URL []$\T1/cmtt/m/n/12 https : / / www . sciencedirect . com / s
cience / article / pii /
 []


Underfull \hbox (badness 10000) in paragraph at lines 2708--2716
\T1/cmr/m/n/12 URL []$\T1/cmtt/m/n/12 https : / / www . sciencedirect . com / s
cience / article / pii /
 []

[152]
Underfull \hbox (badness 6510) in paragraph at lines 2722--2728
[]\T1/cmr/m/n/12 A. Mu-muni, F. Mu-muni, []Data aug-men-ta-tion: A com-pre-
 []


Underfull \hbox (badness 10000) in paragraph at lines 2722--2728
\T1/cmr/m/n/12 hen-sive sur-vey of mod-ern ap-proaches[] 16 100258.  []$\T1/cmt
t/m/n/12 doi :
 []


Underfull \hbox (badness 10000) in paragraph at lines 2722--2728
\T1/cmr/m/n/12 URL []$\T1/cmtt/m/n/12 https : / / www . sciencedirect . com / s
cience / article / pii /
 []


Underfull \hbox (badness 10000) in paragraph at lines 2739--2745
\T1/cmr/m/n/12 URL []$\T1/cmtt/m/n/12 https : / / www . sciencedirect . com / s
cience / article / pii /
 []

[153]
Underfull \hbox (badness 10000) in paragraph at lines 2784--2791
\T1/cmr/m/n/12 URL []$\T1/cmtt/m/n/12 https : / / www . sciencedirect . com / s
cience / article / pii /
 []


Underfull \hbox (badness 10000) in paragraph at lines 2793--2800
[]\T1/cmr/m/n/12 H. Al-tabrawee, M. H. Mohd Noor, []Re-peat and learn:
 []


Underfull \hbox (badness 10000) in paragraph at lines 2793--2800
\T1/cmr/m/n/12 Self-supervised vi-sual rep-re-sen-ta-tions learn-ing by Re-peat
ed
 []


Underfull \hbox (badness 10000) in paragraph at lines 2793--2800
\T1/cmr/m/n/12 Scene Lo-cal-iza-tion[], Pat-tern Recog-ni-tion 156 (2024) 11080
4.
 []


Underfull \hbox (badness 10000) in paragraph at lines 2793--2800
\T1/cmr/m/n/12 URL []$\T1/cmtt/m/n/12 https : / / www . sciencedirect . com / s
cience / article / pii /
 []

[154]
Underfull \hbox (badness 1590) in paragraph at lines 2838--2845
\T1/cmr/m/n/12 based ac-tiv-ity recog-ni-tion[], Jour-nal of Am-bi-ent In-tel-l
i-gence and
 []


Underfull \hbox (badness 10000) in paragraph at lines 2847--2854
\T1/cmr/m/n/12 URL []$\T1/cmtt/m/n/12 https : / / www . sciencedirect . com / s
cience / article / pii /
 []


Underfull \hbox (badness 10000) in paragraph at lines 2867--2874
\T1/cmr/m/n/12 URL []$\T1/cmtt/m/n/12 https : / / www . sciencedirect . com / s
cience / article / pii /
 []


Underfull \hbox (badness 2818) in paragraph at lines 2884--2891
[]\T1/cmr/m/n/12 B. P. Bhuyan, A. Ramdane-Cherif, R. Tomar, T. P. Singh,
 []

[155]) [156] (elsarticle-template-num_v2.aux)

LaTeX Warning: There were multiply-defined labels.

Package rerunfilecheck Info: File `elsarticle-template-num_v2.out' has not chan
ged.
(rerunfilecheck)             Checksum: 0A04BE93D245A094208CCFF65BA142BF;7167.
 ) 
Here is how much of TeX's memory you used:
 14170 strings out of 476331
 242896 string characters out of 5787765
 1887660 words of memory out of 5000000
 33717 multiletter control sequences out of 15000+600000
 528883 words of font info for 77 fonts, out of 8000000 for 9000
 1141 hyphenation exceptions out of 8191
 75i,11n,76p,2667b,2195s stack positions out of 10000i,1000n,20000p,200000b,200000s
 <C:\Users\mohal\AppData\Local\MiKTeX\fonts/pk/ljfour/jknappen/ec/dpi600\tcrm
1200.pk> <C:\Users\mohal\AppData\Local\MiKTeX\fonts/pk/ljfour/jknappen/ec/dpi60
0\ectt1200.pk> <C:\Users\mohal\AppData\Local\MiKTeX\fonts/pk/ljfour/jknappen/ec
/dpi600\ecti1200.pk> <C:\Users\mohal\AppData\Local\MiKTeX\fonts/pk/ljfour/jknap
pen/ec/dpi600\ectt1000.pk> <C:\Users\mohal\AppData\Local\MiKTeX\fonts/pk/ljfour
/jknappen/ec/dpi600\ecrm1000.pk> <C:\Users\mohal\AppData\Local\MiKTeX\fonts/pk/
ljfour/jknappen/ec/dpi600\ecbx1200.pk> <C:\Users\mohal\AppData\Local\MiKTeX\fon
ts/pk/ljfour/jknappen/ec/dpi600\ecti1000.pk> <C:\Users\mohal\AppData\Local\MiKT
eX\fonts/pk/ljfour/jknappen/ec/dpi600\ecti0700.pk> <C:\Users\mohal\AppData\Loca
l\MiKTeX\fonts/pk/ljfour/jknappen/ec/dpi600\ecrm0800.pk> <C:\Users\mohal\AppDat
a\Local\MiKTeX\fonts/pk/ljfour/jknappen/ec/dpi600\ecrm1200.pk> <C:\Users\mohal\
AppData\Local\MiKTeX\fonts/pk/ljfour/jknappen/ec/dpi600\ecrm1728.pk><C:/Users/m
ohal/AppData/Local/Programs/MiKTeX/fonts/type1/public/amsfonts/cm/cmbx12.pfb><C
:/Users/mohal/AppData/Local/Programs/MiKTeX/fonts/type1/public/amsfonts/cm/cmex
10.pfb><C:/Users/mohal/AppData/Local/Programs/MiKTeX/fonts/type1/public/amsfont
s/cm/cmmi12.pfb><C:/Users/mohal/AppData/Local/Programs/MiKTeX/fonts/type1/publi
c/amsfonts/cm/cmmi6.pfb><C:/Users/mohal/AppData/Local/Programs/MiKTeX/fonts/typ
e1/public/amsfonts/cm/cmmi8.pfb><C:/Users/mohal/AppData/Local/Programs/MiKTeX/f
onts/type1/public/amsfonts/cm/cmr12.pfb><C:/Users/mohal/AppData/Local/Programs/
MiKTeX/fonts/type1/public/amsfonts/cm/cmr6.pfb><C:/Users/mohal/AppData/Local/Pr
ograms/MiKTeX/fonts/type1/public/amsfonts/cm/cmr8.pfb><C:/Users/mohal/AppData/L
ocal/Programs/MiKTeX/fonts/type1/public/amsfonts/cm/cmsy10.pfb><C:/Users/mohal/
AppData/Local/Programs/MiKTeX/fonts/type1/public/amsfonts/cm/cmsy7.pfb><C:/User
s/mohal/AppData/Local/Programs/MiKTeX/fonts/type1/public/amsfonts/cm/cmsy8.pfb>

Output written on elsarticle-template-num_v2.pdf (156 pages, 2682555 bytes).
PDF statistics:
 3791 PDF objects out of 4296 (max. 8388607)
 674 named destinations out of 1000 (max. 500000)
 486 words of extra memory for PDF output out of 10000 (max. 10000000)

